{
  "stats": {
    "suites": 1,
    "tests": 1,
    "passes": 1,
    "pending": 0,
    "failures": 0,
    "start": "2024-06-27T15:34:55.441Z",
    "end": "2024-06-27T15:35:31.849Z",
    "duration": 36408,
    "testsRegistered": 1,
    "passPercent": 100,
    "pendingPercent": 0,
    "other": 0,
    "hasOther": false,
    "skipped": 0,
    "hasSkipped": false
  },
  "results": [
    {
      "uuid": "ca6dddb0-76dc-47be-a1b8-39df7b5f2be9",
      "title": "",
      "fullFile": "cypress\\e2e\\POMFixtures.cy.js",
      "file": "cypress\\e2e\\POMFixtures.cy.js",
      "beforeHooks": [],
      "afterHooks": [],
      "tests": [],
      "suites": [
        {
          "uuid": "f0a8e434-f310-4e05-9311-5dd6d7209bf1",
          "title": "Data driven test",
          "fullFile": "",
          "file": "",
          "beforeHooks": [],
          "afterHooks": [],
          "tests": [
            {
              "title": "Using Fixtures attribute",
              "fullTitle": "Data driven test Using Fixtures attribute",
              "timedOut": null,
              "duration": 23187,
              "state": "passed",
              "speed": "slow",
              "pass": true,
              "fail": false,
              "pending": false,
              "context": null,
              "code": "const homePage = new _Homepage.default();\nconst productPage = new _ProductPage.default();\ncy.visit(Cypress.env(`url`) + \"/angularpractice/\");\nhomePage.getNameEditBox().type(this.details.name);\nhomePage.getNameEditBox().should('have.value', this.details.name);\n// cy.get('input[name=\"name\"]:nth-child(2)').should('have.length.above','2')\nhomePage.getEmailEditBox().type(this.details.email);\nhomePage.selectGender().select(this.details.gender);\nhomePage.getNameEditBox().should('have.attr', 'minlength', '2');\nhomePage.getEnterpreneurStatus().should('be.disabled');\nhomePage.getShopTab().click();\n// cy.selectProduct('Blackberry')\nthis.details.productNames.forEach(function (element) {\n  cy.selectProduct(element);\n});\nproductPage.checkoutButton().click();\nvar sum = 0;\ncy.get('tr td:nth-child(4) strong').each(($item, index, $list) => {\n  const Item = $item.text();\n  var selectedItem = Item.split(\" \");\n  selectedItem = selectedItem[1].trim();\n  sum = Number(sum) + Number(selectedItem);\n}).then(function () {\n  cy.log(sum);\n});\ncy.get('h3 strong').then(function (element) {\n  const ele = element.text();\n  var res = ele.split(\" \");\n  var total = res[1].trim();\n  expect(Number(total)).to.be.equal(sum);\n});\ncy.contains('Checkout').click();\ncy.get('#country').type('India');\ncy.get('#checkbox2').click({\n  force: true\n});\ncy.get('.ng-untouched > .btn').click();\ncy.get('.alert').contains('Success! Thank you!');",
              "err": {},
              "uuid": "1eb628f9-1758-4cd1-be98-0a614eb85a85",
              "parentUUID": "f0a8e434-f310-4e05-9311-5dd6d7209bf1",
              "isHook": false,
              "skipped": false
            }
          ],
          "suites": [],
          "passes": [
            "1eb628f9-1758-4cd1-be98-0a614eb85a85"
          ],
          "failures": [],
          "pending": [],
          "skipped": [],
          "duration": 23187,
          "root": false,
          "rootEmpty": false,
          "_timeout": 2000
        }
      ],
      "passes": [],
      "failures": [],
      "pending": [],
      "skipped": [],
      "duration": 0,
      "root": true,
      "rootEmpty": true,
      "_timeout": 2000
    }
  ],
  "meta": {
    "mocha": {
      "version": "7.0.1"
    },
    "mochawesome": {
      "options": {
        "quiet": false,
        "reportFilename": "mochawesome",
        "saveHtml": true,
        "saveJson": true,
        "consoleReporter": "spec",
        "useInlineDiffs": false,
        "code": true
      },
      "version": "7.1.3"
    },
    "marge": {
      "options": null,
      "version": "6.2.0"
    }
  }
}